<?xml version="1.0" encoding="UTF-8"?>
<testsuite xmlns:xsi="http://www.w3.org/2001/XMLSchema-instance" xsi:noNamespaceSchemaLocation="https://maven.apache.org/surefire/maven-surefire-plugin/xsd/surefire-test-report-3.0.xsd" version="3.0" name="com.example.ShipmentTest_Section3" time="0.06" tests="7" errors="0" skipped="0" failures="0">
  <properties>
[...]
</properties>
  <testcase name="sec3_standard_12kg" classname="com.example.ShipmentTest_Section3" time="0.024"/>
  <testcase name="sec3_totalCost" classname="com.example.ShipmentTest_Section3" time="0.002"/>
  <testcase name="sec3_standard_2kg" classname="com.example.ShipmentTest_Section3" time="0.001"/>
  <testcase name="sec3_standard_7kg" classname="com.example.ShipmentTest_Section3" time="0.001"/>
  <testcase name="sec3_zeroWeight" classname="com.example.ShipmentTest_Section3" time="0.0"/>
  <testcase name="sec3_express_0_5kg" classname="com.example.ShipmentTest_Section3" time="0.0"/>
  <testcase name="sec3_express_3_5kg" classname="com.example.ShipmentTest_Section3" time="0.001"/>
</testsuite>